{
  "stats": {
    "suites": 2,
    "tests": 14,
    "passes": 14,
    "pending": 0,
    "failures": 0,
    "start": "2026-02-21T00:53:52.400Z",
    "end": "2026-02-21T00:54:58.214Z",
    "duration": 65814,
    "testsRegistered": 14,
    "passPercent": 100,
    "pendingPercent": 0,
    "other": 0,
    "hasOther": false,
    "skipped": 0,
    "hasSkipped": false
  },
  "results": [
    {
      "uuid": "8816d9b3-6c06-4704-8c30-f327a6359699",
      "title": "",
      "fullFile": "",
      "file": "",
      "beforeHooks": [],
      "afterHooks": [],
      "tests": [],
      "suites": [
        {
          "uuid": "a495388b-768a-4082-a965-e8f1bc81d93b",
          "title": "Saucedemo on chrome Test",
          "fullFile": "/Users/hansinsusatya/Desktop/QA-DigitalSkola/WebUI-Automation-POM/tests/specs/login.test.js",
          "file": "/tests/specs/login.test.js",
          "beforeHooks": [
            {
              "title": "\"before each\" hook in \"Saucedemo on chrome Test\"",
              "fullTitle": "Saucedemo on chrome Test \"before each\" hook in \"Saucedemo on chrome Test\"",
              "timedOut": false,
              "duration": 2684,
              "state": null,
              "speed": null,
              "pass": false,
              "fail": false,
              "pending": false,
              "context": null,
              "code": "driver = await setupInitialDriver(browser, driver);\nloginAction = new LoginAction(driver);\nawait loginAction.openLoginPage(URL);",
              "err": {},
              "uuid": "25aa3e84-5579-4fdb-a9f2-fb32365ca91b",
              "parentUUID": "a495388b-768a-4082-a965-e8f1bc81d93b",
              "isHook": true,
              "skipped": false
            }
          ],
          "afterHooks": [
            {
              "title": "\"after each\" hook in \"Saucedemo on chrome Test\"",
              "fullTitle": "Saucedemo on chrome Test \"after each\" hook in \"Saucedemo on chrome Test\"",
              "timedOut": false,
              "duration": 54,
              "state": null,
              "speed": null,
              "pass": false,
              "fail": false,
              "pending": false,
              "context": null,
              "code": "await driver.quit();",
              "err": {},
              "uuid": "36bac042-7032-44c3-935a-8d1dd2886dc2",
              "parentUUID": "a495388b-768a-4082-a965-e8f1bc81d93b",
              "isHook": true,
              "skipped": false
            }
          ],
          "tests": [
            {
              "title": "should login successfully",
              "fullTitle": "Saucedemo on chrome Test should login successfully",
              "timedOut": false,
              "duration": 1921,
              "state": "passed",
              "speed": "slow",
              "pass": true,
              "fail": false,
              "pending": false,
              "context": null,
              "code": "await loginAction.inputUsername(\"standard_user\");\nawait loginAction.inputPassword(\"secret_sauce\");\nawait loginAction.clickLogin();\nawait loginAction.assertLoginSuccess();\nawait compareScreenshot(driver, `${browser}_success_login`);",
              "err": {},
              "uuid": "b08148db-6810-45e8-9bd0-69f6b1234913",
              "parentUUID": "a495388b-768a-4082-a965-e8f1bc81d93b",
              "isHook": false,
              "skipped": false
            },
            {
              "title": "should login with empty username",
              "fullTitle": "Saucedemo on chrome Test should login with empty username",
              "timedOut": false,
              "duration": 596,
              "state": "passed",
              "speed": "slow",
              "pass": true,
              "fail": false,
              "pending": false,
              "context": null,
              "code": "await loginAction.inputUsername(\"\");\nawait loginAction.inputPassword(\"secret_sauce\");\nawait loginAction.clickLogin();\nawait loginAction.assertLoginFailed(\"Epic sadface: Username is required\");\nawait compareScreenshot(driver, `${browser}_login_with_empty_username`);",
              "err": {},
              "uuid": "acc97572-db78-4e31-a119-1ea9518dc552",
              "parentUUID": "a495388b-768a-4082-a965-e8f1bc81d93b",
              "isHook": false,
              "skipped": false
            },
            {
              "title": "should login with missing username",
              "fullTitle": "Saucedemo on chrome Test should login with missing username",
              "timedOut": false,
              "duration": 419,
              "state": "passed",
              "speed": "slow",
              "pass": true,
              "fail": false,
              "pending": false,
              "context": null,
              "code": "await loginAction.inputPassword(\"secret_sauce\");\nawait loginAction.clickLogin();\nawait loginAction.assertLoginFailed(\"Epic sadface: Username is required\");\nawait compareScreenshot(driver, `${browser}_login_with_missing_username`);",
              "err": {},
              "uuid": "5e7e1574-625d-46f4-a413-c71aca011971",
              "parentUUID": "a495388b-768a-4082-a965-e8f1bc81d93b",
              "isHook": false,
              "skipped": false
            },
            {
              "title": "should login with empty password",
              "fullTitle": "Saucedemo on chrome Test should login with empty password",
              "timedOut": false,
              "duration": 594,
              "state": "passed",
              "speed": "slow",
              "pass": true,
              "fail": false,
              "pending": false,
              "context": null,
              "code": "await loginAction.inputUsername(\"standard_user\");\nawait loginAction.inputPassword(\"\");\nawait loginAction.clickLogin();\nawait loginAction.assertLoginFailed(\"Epic sadface: Password is required\");\nawait compareScreenshot(driver, `${browser}_login_with_empty_password`);",
              "err": {},
              "uuid": "e5d97df6-fc7c-49d8-aa04-c1d5bcf655c4",
              "parentUUID": "a495388b-768a-4082-a965-e8f1bc81d93b",
              "isHook": false,
              "skipped": false
            },
            {
              "title": "should login with missing password",
              "fullTitle": "Saucedemo on chrome Test should login with missing password",
              "timedOut": false,
              "duration": 637,
              "state": "passed",
              "speed": "slow",
              "pass": true,
              "fail": false,
              "pending": false,
              "context": null,
              "code": "await loginAction.inputUsername(\"standard_user\");\nawait loginAction.clickLogin();\nawait loginAction.assertLoginFailed(\"Epic sadface: Password is required\");\nawait compareScreenshot(driver, `${browser}_login_with_missing_password`);",
              "err": {},
              "uuid": "197d0db6-a16d-40b3-817c-f74424cda629",
              "parentUUID": "a495388b-768a-4082-a965-e8f1bc81d93b",
              "isHook": false,
              "skipped": false
            },
            {
              "title": "should login with invalid credentials",
              "fullTitle": "Saucedemo on chrome Test should login with invalid credentials",
              "timedOut": false,
              "duration": 497,
              "state": "passed",
              "speed": "slow",
              "pass": true,
              "fail": false,
              "pending": false,
              "context": null,
              "code": "await loginAction.inputUsername(\"standard_user2\");\nawait loginAction.inputPassword(\"secret_sauce\");\nawait loginAction.clickLogin();\nawait loginAction.assertLoginFailed(\n  \"Epic sadface: Username and password do not match any user in this service\",\n);\nawait compareScreenshot(driver, `${browser}_login_with_invalid_credentials`);",
              "err": {},
              "uuid": "cc91e463-0930-4e32-b828-d19f13451fa3",
              "parentUUID": "a495388b-768a-4082-a965-e8f1bc81d93b",
              "isHook": false,
              "skipped": false
            },
            {
              "title": "should login with locked user",
              "fullTitle": "Saucedemo on chrome Test should login with locked user",
              "timedOut": false,
              "duration": 575,
              "state": "passed",
              "speed": "slow",
              "pass": true,
              "fail": false,
              "pending": false,
              "context": null,
              "code": "await loginAction.inputUsername(\"locked_out_user\");\nawait loginAction.inputPassword(\"secret_sauce\");\nawait loginAction.clickLogin();\nawait loginAction.assertLoginFailed(\"Epic sadface: Sorry, this user has been locked out.\");\nawait compareScreenshot(driver, `${browser}_login_with_locked_user`);",
              "err": {},
              "uuid": "bea72a8f-7f54-4e06-a199-d68c8b9ab649",
              "parentUUID": "a495388b-768a-4082-a965-e8f1bc81d93b",
              "isHook": false,
              "skipped": false
            }
          ],
          "suites": [],
          "passes": [
            "b08148db-6810-45e8-9bd0-69f6b1234913",
            "acc97572-db78-4e31-a119-1ea9518dc552",
            "5e7e1574-625d-46f4-a413-c71aca011971",
            "e5d97df6-fc7c-49d8-aa04-c1d5bcf655c4",
            "197d0db6-a16d-40b3-817c-f74424cda629",
            "cc91e463-0930-4e32-b828-d19f13451fa3",
            "bea72a8f-7f54-4e06-a199-d68c8b9ab649"
          ],
          "failures": [],
          "pending": [],
          "skipped": [],
          "duration": 5239,
          "root": false,
          "rootEmpty": false,
          "_timeout": 60000
        },
        {
          "uuid": "dfe68ad1-7eb3-4421-9fd6-9b1066e1b57e",
          "title": "Saucedemo on MicrosoftEdge Test",
          "fullFile": "/Users/hansinsusatya/Desktop/QA-DigitalSkola/WebUI-Automation-POM/tests/specs/login.test.js",
          "file": "/tests/specs/login.test.js",
          "beforeHooks": [
            {
              "title": "\"before each\" hook in \"Saucedemo on MicrosoftEdge Test\"",
              "fullTitle": "Saucedemo on MicrosoftEdge Test \"before each\" hook in \"Saucedemo on MicrosoftEdge Test\"",
              "timedOut": false,
              "duration": 3286,
              "state": null,
              "speed": null,
              "pass": false,
              "fail": false,
              "pending": false,
              "context": null,
              "code": "driver = await setupInitialDriver(browser, driver);\nloginAction = new LoginAction(driver);\nawait loginAction.openLoginPage(URL);",
              "err": {},
              "uuid": "2eceda77-019b-43ad-b914-bac8de5ce431",
              "parentUUID": "dfe68ad1-7eb3-4421-9fd6-9b1066e1b57e",
              "isHook": true,
              "skipped": false
            }
          ],
          "afterHooks": [
            {
              "title": "\"after each\" hook in \"Saucedemo on MicrosoftEdge Test\"",
              "fullTitle": "Saucedemo on MicrosoftEdge Test \"after each\" hook in \"Saucedemo on MicrosoftEdge Test\"",
              "timedOut": false,
              "duration": 51,
              "state": null,
              "speed": null,
              "pass": false,
              "fail": false,
              "pending": false,
              "context": null,
              "code": "await driver.quit();",
              "err": {},
              "uuid": "b0d4e107-9ae9-461f-b89a-7d4f7172cc99",
              "parentUUID": "dfe68ad1-7eb3-4421-9fd6-9b1066e1b57e",
              "isHook": true,
              "skipped": false
            }
          ],
          "tests": [
            {
              "title": "should login successfully",
              "fullTitle": "Saucedemo on MicrosoftEdge Test should login successfully",
              "timedOut": false,
              "duration": 1038,
              "state": "passed",
              "speed": "slow",
              "pass": true,
              "fail": false,
              "pending": false,
              "context": null,
              "code": "await loginAction.inputUsername(\"standard_user\");\nawait loginAction.inputPassword(\"secret_sauce\");\nawait loginAction.clickLogin();\nawait loginAction.assertLoginSuccess();\nawait compareScreenshot(driver, `${browser}_success_login`);",
              "err": {},
              "uuid": "b08e2a78-8c00-4e5b-b302-946dd785bad4",
              "parentUUID": "dfe68ad1-7eb3-4421-9fd6-9b1066e1b57e",
              "isHook": false,
              "skipped": false
            },
            {
              "title": "should login with empty username",
              "fullTitle": "Saucedemo on MicrosoftEdge Test should login with empty username",
              "timedOut": false,
              "duration": 470,
              "state": "passed",
              "speed": "slow",
              "pass": true,
              "fail": false,
              "pending": false,
              "context": null,
              "code": "await loginAction.inputUsername(\"\");\nawait loginAction.inputPassword(\"secret_sauce\");\nawait loginAction.clickLogin();\nawait loginAction.assertLoginFailed(\"Epic sadface: Username is required\");\nawait compareScreenshot(driver, `${browser}_login_with_empty_username`);",
              "err": {},
              "uuid": "fe4f1714-29f3-493f-892b-469e7332ae21",
              "parentUUID": "dfe68ad1-7eb3-4421-9fd6-9b1066e1b57e",
              "isHook": false,
              "skipped": false
            },
            {
              "title": "should login with missing username",
              "fullTitle": "Saucedemo on MicrosoftEdge Test should login with missing username",
              "timedOut": false,
              "duration": 426,
              "state": "passed",
              "speed": "slow",
              "pass": true,
              "fail": false,
              "pending": false,
              "context": null,
              "code": "await loginAction.inputPassword(\"secret_sauce\");\nawait loginAction.clickLogin();\nawait loginAction.assertLoginFailed(\"Epic sadface: Username is required\");\nawait compareScreenshot(driver, `${browser}_login_with_missing_username`);",
              "err": {},
              "uuid": "615eac34-4a45-4c50-a329-254867e58316",
              "parentUUID": "dfe68ad1-7eb3-4421-9fd6-9b1066e1b57e",
              "isHook": false,
              "skipped": false
            },
            {
              "title": "should login with empty password",
              "fullTitle": "Saucedemo on MicrosoftEdge Test should login with empty password",
              "timedOut": false,
              "duration": 805,
              "state": "passed",
              "speed": "slow",
              "pass": true,
              "fail": false,
              "pending": false,
              "context": null,
              "code": "await loginAction.inputUsername(\"standard_user\");\nawait loginAction.inputPassword(\"\");\nawait loginAction.clickLogin();\nawait loginAction.assertLoginFailed(\"Epic sadface: Password is required\");\nawait compareScreenshot(driver, `${browser}_login_with_empty_password`);",
              "err": {},
              "uuid": "5c763ed5-c419-4f19-aea6-baba28fcd4a2",
              "parentUUID": "dfe68ad1-7eb3-4421-9fd6-9b1066e1b57e",
              "isHook": false,
              "skipped": false
            },
            {
              "title": "should login with missing password",
              "fullTitle": "Saucedemo on MicrosoftEdge Test should login with missing password",
              "timedOut": false,
              "duration": 479,
              "state": "passed",
              "speed": "slow",
              "pass": true,
              "fail": false,
              "pending": false,
              "context": null,
              "code": "await loginAction.inputUsername(\"standard_user\");\nawait loginAction.clickLogin();\nawait loginAction.assertLoginFailed(\"Epic sadface: Password is required\");\nawait compareScreenshot(driver, `${browser}_login_with_missing_password`);",
              "err": {},
              "uuid": "fe2a826c-7a34-4ec7-82a8-e810e98fb7ee",
              "parentUUID": "dfe68ad1-7eb3-4421-9fd6-9b1066e1b57e",
              "isHook": false,
              "skipped": false
            },
            {
              "title": "should login with invalid credentials",
              "fullTitle": "Saucedemo on MicrosoftEdge Test should login with invalid credentials",
              "timedOut": false,
              "duration": 526,
              "state": "passed",
              "speed": "slow",
              "pass": true,
              "fail": false,
              "pending": false,
              "context": null,
              "code": "await loginAction.inputUsername(\"standard_user2\");\nawait loginAction.inputPassword(\"secret_sauce\");\nawait loginAction.clickLogin();\nawait loginAction.assertLoginFailed(\n  \"Epic sadface: Username and password do not match any user in this service\",\n);\nawait compareScreenshot(driver, `${browser}_login_with_invalid_credentials`);",
              "err": {},
              "uuid": "7a358d78-2fa0-42a9-a2cb-8269deae63c9",
              "parentUUID": "dfe68ad1-7eb3-4421-9fd6-9b1066e1b57e",
              "isHook": false,
              "skipped": false
            },
            {
              "title": "should login with locked user",
              "fullTitle": "Saucedemo on MicrosoftEdge Test should login with locked user",
              "timedOut": false,
              "duration": 717,
              "state": "passed",
              "speed": "slow",
              "pass": true,
              "fail": false,
              "pending": false,
              "context": null,
              "code": "await loginAction.inputUsername(\"locked_out_user\");\nawait loginAction.inputPassword(\"secret_sauce\");\nawait loginAction.clickLogin();\nawait loginAction.assertLoginFailed(\"Epic sadface: Sorry, this user has been locked out.\");\nawait compareScreenshot(driver, `${browser}_login_with_locked_user`);",
              "err": {},
              "uuid": "3c048075-e827-44f5-bbef-880b6d5c2b99",
              "parentUUID": "dfe68ad1-7eb3-4421-9fd6-9b1066e1b57e",
              "isHook": false,
              "skipped": false
            }
          ],
          "suites": [],
          "passes": [
            "b08e2a78-8c00-4e5b-b302-946dd785bad4",
            "fe4f1714-29f3-493f-892b-469e7332ae21",
            "615eac34-4a45-4c50-a329-254867e58316",
            "5c763ed5-c419-4f19-aea6-baba28fcd4a2",
            "fe2a826c-7a34-4ec7-82a8-e810e98fb7ee",
            "7a358d78-2fa0-42a9-a2cb-8269deae63c9",
            "3c048075-e827-44f5-bbef-880b6d5c2b99"
          ],
          "failures": [],
          "pending": [],
          "skipped": [],
          "duration": 4461,
          "root": false,
          "rootEmpty": false,
          "_timeout": 60000
        }
      ],
      "passes": [],
      "failures": [],
      "pending": [],
      "skipped": [],
      "duration": 0,
      "root": true,
      "rootEmpty": true,
      "_timeout": 60000
    }
  ],
  "meta": {
    "mocha": {
      "version": "11.7.5"
    },
    "mochawesome": {
      "options": {
        "quiet": false,
        "reportFilename": "mochawesome",
        "saveHtml": true,
        "saveJson": true,
        "consoleReporter": "spec",
        "useInlineDiffs": false,
        "code": true
      },
      "version": "7.1.4"
    },
    "marge": {
      "options": null,
      "version": "6.3.2"
    }
  }
}